<?xml version="1.0" encoding="UTF-8"?>
<!-- Generated by org.testng.reporters.JUnitReportReporter -->
<testsuite hostname="DESKTOP-UK81M76" failures="0" tests="1" name="com.sample.PostTest" time="1.833" errors="0" timestamp="2025-05-03T21:39:21 IST" skipped="0">
  <testcase classname="com.sample.PostTest" name="testLargePostPayload" time="1.833"/>
</testsuite> <!-- com.sample.PostTest -->
